This is pdfTeX, Version 3.14159265-2.6-1.40.21 (MiKTeX 20.11) (preloaded format=pdflatex 2020.12.6)  13 DEC 2020 19:56
entering extended mode
**./paper.tex
(paper.tex
LaTeX2e <2020-10-01> patch level 2
L3 programming layer <2020-12-03> xparse <2020-03-03>
(C:\Users\nessa\AppData\Local\Programs\MiKTeX\tex/latex/base\article.cls
Document Class: article 2020/04/10 v1.4m Standard LaTeX document class
(C:\Users\nessa\AppData\Local\Programs\MiKTeX\tex/latex/base\size12.clo
File: size12.clo 2020/04/10 v1.4m Standard LaTeX file (size option)
)
\c@part=\count177
\c@section=\count178
\c@subsection=\count179
\c@subsubsection=\count180
\c@paragraph=\count181
\c@subparagraph=\count182
\c@figure=\count183
\c@table=\count184
\abovecaptionskip=\skip47
\belowcaptionskip=\skip48
\bibindent=\dimen138
)
(C:\Users\nessa\AppData\Local\Programs\MiKTeX\tex/generic/babel\babel.sty
Package: babel 2020/10/27 3.51 The Babel package

(C:\Users\nessa\AppData\Local\Programs\MiKTeX\tex/generic/babel\babel.def
File: babel.def 2020/10/27 3.51 Babel common definitions
\babel@savecnt=\count185
\U@D=\dimen139
\l@babelnohyphens=\language79

(C:\Users\nessa\AppData\Local\Programs\MiKTeX\tex/generic/babel\txtbabel.def)
\bbl@readstream=\read2
)
\bbl@dirlevel=\count186

*************************************
* Local config file bblopts.cfg used
*
(C:\Users\nessa\AppData\Local\Programs\MiKTeX\tex/latex/arabi\bblopts.cfg
File: bblopts.cfg 2005/09/08 v0.1 add Arabic and Farsi to "declared" options of
 babel
)
(C:\Users\nessa\AppData\Local\Programs\MiKTeX\tex/latex/babel-spanish\spanish.l
df
Language: spanish.ldf 2016/03/03 v5.0p Spanish support from the babel system
\es@quottoks=\toks15
\es@quotdepth=\count187
Package babel Info: Making " an active character on input line 561.
Package babel Info: Making . an active character on input line 662.
Package babel Info: Making < an active character on input line 707.
Package babel Info: Making > an active character on input line 707.
))
(C:\Users\nessa\AppData\Local\Programs\MiKTeX\tex/latex/graphics\graphicx.sty
Package: graphicx 2020/09/09 v1.2b Enhanced LaTeX Graphics (DPC,SPQR)

(C:\Users\nessa\AppData\Local\Programs\MiKTeX\tex/latex/graphics\keyval.sty
Package: keyval 2014/10/28 v1.15 key=value parser (DPC)
\KV@toks@=\toks16
)
(C:\Users\nessa\AppData\Local\Programs\MiKTeX\tex/latex/graphics\graphics.sty
Package: graphics 2020/08/30 v1.4c Standard LaTeX Graphics (DPC,SPQR)

(C:\Users\nessa\AppData\Local\Programs\MiKTeX\tex/latex/graphics\trig.sty
Package: trig 2016/01/03 v1.10 sin cos tan (DPC)
)
(C:\Users\nessa\AppData\Local\Programs\MiKTeX\tex/latex/graphics-cfg\graphics.c
fg
File: graphics.cfg 2016/06/04 v1.11 sample graphics configuration
)
Package graphics Info: Driver file: pdftex.def on input line 105.

(C:\Users\nessa\AppData\Local\Programs\MiKTeX\tex/latex/graphics-def\pdftex.def
File: pdftex.def 2020/10/05 v1.2a Graphics/color driver for pdftex
))
\Gin@req@height=\dimen140
\Gin@req@width=\dimen141
)
\c@dfn=\count188

(C:\Users\nessa\AppData\Local\Programs\MiKTeX\tex/latex/booktabs\booktabs.sty
Package: booktabs 2020/01/12 v1.61803398 Publication quality tables
\heavyrulewidth=\dimen142
\lightrulewidth=\dimen143
\cmidrulewidth=\dimen144
\belowrulesep=\dimen145
\belowbottomsep=\dimen146
\aboverulesep=\dimen147
\abovetopsep=\dimen148
\cmidrulesep=\dimen149
\cmidrulekern=\dimen150
\defaultaddspace=\dimen151
\@cmidla=\count189
\@cmidlb=\count190
\@aboverulesep=\dimen152
\@belowrulesep=\dimen153
\@thisruleclass=\count191
\@lastruleclass=\count192
\@thisrulewidth=\dimen154
)
(C:\Users\nessa\AppData\Local\Programs\MiKTeX\tex/latex/xcolor\xcolor.sty
Package: xcolor 2016/05/11 v2.12 LaTeX color extensions (UK)

(C:\Users\nessa\AppData\Local\Programs\MiKTeX\tex/latex/graphics-cfg\color.cfg
File: color.cfg 2016/01/02 v1.6 sample color configuration
)
Package xcolor Info: Driver file: pdftex.def on input line 225.
Package xcolor Info: Model `cmy' substituted by `cmy0' on input line 1348.
Package xcolor Info: Model `hsb' substituted by `rgb' on input line 1352.
Package xcolor Info: Model `RGB' extended on input line 1364.
Package xcolor Info: Model `HTML' substituted by `rgb' on input line 1366.
Package xcolor Info: Model `Hsb' substituted by `hsb' on input line 1367.
Package xcolor Info: Model `tHsb' substituted by `hsb' on input line 1368.
Package xcolor Info: Model `HSB' substituted by `hsb' on input line 1369.
Package xcolor Info: Model `Gray' substituted by `gray' on input line 1370.
Package xcolor Info: Model `wave' substituted by `hsb' on input line 1371.
) (C:\Users\nessa\AppData\Local\Programs\MiKTeX\tex/latex/siunitx\siunitx.sty
(C:\Users\nessa\AppData\Local\Programs\MiKTeX\tex/latex/l3kernel\expl3.sty
Package: expl3 2020-12-03 L3 programming layer (loader) 

(C:\Users\nessa\AppData\Local\Programs\MiKTeX\tex/latex/l3backend\l3backend-pdf
tex.def
File: l3backend-pdftex.def 2020-09-24 L3 backend support: PDF output (pdfTeX)
\l__kernel_color_stack_int=\count193
\l__pdf_internal_box=\box47
))
(C:\Users\nessa\AppData\Local\Programs\MiKTeX\tex/latex/l3packages/xparse\xpars
e.sty
Package: xparse 2020-10-27 L3 Experimental document command parser

(C:\Users\nessa\AppData\Local\Programs\MiKTeX\tex/latex/l3packages/xparse\xpars
e-generic.tex))
Package: siunitx 2020/02/25 v2.8b A comprehensive (SI) units package

(C:\Users\nessa\AppData\Local\Programs\MiKTeX\tex/latex/amsmath\amstext.sty
Package: amstext 2000/06/29 v2.01 AMS text

(C:\Users\nessa\AppData\Local\Programs\MiKTeX\tex/latex/amsmath\amsgen.sty
File: amsgen.sty 1999/11/30 v2.0 generic functions
\@emptytoks=\toks17
\ex@=\dimen155
))
(C:\Users\nessa\AppData\Local\Programs\MiKTeX\tex/latex/tools\array.sty
Package: array 2019/08/31 v2.4l Tabular extension package (FMi)
\col@sep=\dimen156
\ar@mcellbox=\box48
\extrarowheight=\dimen157
\NC@list=\toks18
\extratabsurround=\skip49
\backup@length=\skip50
\ar@cellbox=\box49
)
(C:\Users\nessa\AppData\Local\Programs\MiKTeX\tex/latex/l3packages/l3keys2e\l3k
eys2e.sty
Package: l3keys2e 2020-10-27 LaTeX2e option processing using LaTeX3 keys
)
\l__siunitx_tmp_box=\box50
\l__siunitx_tmp_dim=\dimen158
\l__siunitx_tmp_int=\count194
\l__siunitx_number_mantissa_length_int=\count195
\l__siunitx_number_uncert_length_int=\count196
\l__siunitx_round_int=\count197
\l__siunitx_process_decimal_int=\count198
\l__siunitx_process_uncertainty_int=\count199
\l__siunitx_process_fixed_int=\count266
\l__siunitx_process_integer_min_int=\count267
\l__siunitx_process_precision_int=\count268
\l__siunitx_group_min_int=\count269
\l__siunitx_angle_marker_box=\box51
\l__siunitx_angle_unit_box=\box52
\l__siunitx_angle_marker_dim=\dimen159
\l__siunitx_angle_unit_dim=\dimen160
\l__siunitx_unit_int=\count270
\l__siunitx_unit_denominator_int=\count271
\l__siunitx_unit_numerator_int=\count272
\l__siunitx_unit_prefix_int=\count273
\l__siunitx_unit_prefix_base_int=\count274
\l__siunitx_unit_prefix_gram_int=\count275
\l__siunitx_number_product_int=\count276
\c__siunitx_one_fill_skip=\skip51
\l__siunitx_table_unit_align_skip=\skip52
\l__siunitx_table_exponent_dim=\dimen161
\l__siunitx_table_integer_dim=\dimen162
\l__siunitx_table_mantissa_dim=\dimen163
\l__siunitx_table_marker_dim=\dimen164
\l__siunitx_table_result_dim=\dimen165
\l__siunitx_table_uncert_dim=\dimen166
\l__siunitx_table_fill_pre_dim=\dimen167
\l__siunitx_table_fill_post_dim=\dimen168
\l__siunitx_table_fill_mid_dim=\dimen169
\l__siunitx_table_pre_box=\box53
\l__siunitx_table_post_box=\box54
\l__siunitx_table_mantissa_box=\box55
\l__siunitx_table_result_box=\box56
\l__siunitx_table_number_align_skip=\skip53
\l__siunitx_table_text_align_skip=\skip54

(C:\Users\nessa\AppData\Local\Programs\MiKTeX\tex/latex/translator\translator.s
ty
Package: translator 2020-08-03 v1.12c Easy translation of strings in LaTeX
))
(C:\Users\nessa\AppData\Local\Programs\MiKTeX\tex/latex/amsmath\amsmath.sty
Package: amsmath 2020/09/23 v2.17i AMS math features
\@mathmargin=\skip55

For additional information on amsmath, use the `?' option.
(C:\Users\nessa\AppData\Local\Programs\MiKTeX\tex/latex/amsmath\amsbsy.sty
Package: amsbsy 1999/11/29 v1.2d Bold Symbols
\pmbraise@=\dimen170
)
(C:\Users\nessa\AppData\Local\Programs\MiKTeX\tex/latex/amsmath\amsopn.sty
Package: amsopn 2016/03/08 v2.02 operator names
)
\inf@bad=\count277
LaTeX Info: Redefining \frac on input line 234.
\uproot@=\count278
\leftroot@=\count279
LaTeX Info: Redefining \overline on input line 399.
\classnum@=\count280
\DOTSCASE@=\count281
LaTeX Info: Redefining \ldots on input line 496.
LaTeX Info: Redefining \dots on input line 499.
LaTeX Info: Redefining \cdots on input line 620.
\Mathstrutbox@=\box57
\strutbox@=\box58
\big@size=\dimen171
LaTeX Font Info:    Redeclaring font encoding OML on input line 743.
LaTeX Font Info:    Redeclaring font encoding OMS on input line 744.
\macc@depth=\count282
\c@MaxMatrixCols=\count283
\dotsspace@=\muskip16
\c@parentequation=\count284
\dspbrk@lvl=\count285
\tag@help=\toks19
\row@=\count286
\column@=\count287
\maxfields@=\count288
\andhelp@=\toks20
\eqnshift@=\dimen172
\alignsep@=\dimen173
\tagshift@=\dimen174
\tagwidth@=\dimen175
\totwidth@=\dimen176
\lineht@=\dimen177
\@envbody=\toks21
\multlinegap=\skip56
\multlinetaggap=\skip57
\mathdisplay@stack=\toks22
LaTeX Info: Redefining \[ on input line 2923.
LaTeX Info: Redefining \] on input line 2924.
)
(paper.aux
LaTeX Info: Redefining \. on input line 11.
LaTeX Info: Redefining \% on input line 11.


LaTeX Warning: Label `bitcoin_socialmedia' multiply defined.

)
\openout1 = `paper.aux'.

LaTeX Font Info:    Checking defaults for OML/cmm/m/it on input line 16.
LaTeX Font Info:    ... okay on input line 16.
LaTeX Font Info:    Checking defaults for OMS/cmsy/m/n on input line 16.
LaTeX Font Info:    ... okay on input line 16.
LaTeX Font Info:    Checking defaults for OT1/cmr/m/n on input line 16.
LaTeX Font Info:    ... okay on input line 16.
LaTeX Font Info:    Checking defaults for T1/cmr/m/n on input line 16.
LaTeX Font Info:    ... okay on input line 16.
LaTeX Font Info:    Checking defaults for TS1/cmr/m/n on input line 16.
LaTeX Font Info:    ... okay on input line 16.
LaTeX Font Info:    Checking defaults for OMX/cmex/m/n on input line 16.
LaTeX Font Info:    ... okay on input line 16.
LaTeX Font Info:    Checking defaults for U/cmr/m/n on input line 16.
LaTeX Font Info:    ... okay on input line 16.
LaTeX Info: Redefining \. on input line 16.
LaTeX Info: Redefining \% on input line 16.

(C:\Users\nessa\AppData\Local\Programs\MiKTeX\tex/context/base/mkii\supp-pdf.mk
ii
[Loading MPS to PDF converter (version 2006.09.02).]
\scratchcounter=\count289
\scratchdimen=\dimen178
\scratchbox=\box59
\nofMPsegments=\count290
\nofMParguments=\count291
\everyMPshowfont=\toks23
\MPscratchCnt=\count292
\MPscratchDim=\dimen179
\MPnumerator=\count293
\makeMPintoPDFobject=\count294
\everyMPtoPDFconversion=\toks24
)
(C:\Users\nessa\AppData\Local\Programs\MiKTeX\tex/latex/epstopdf-pkg\epstopdf-b
ase.sty
Package: epstopdf-base 2020-01-24 v2.11 Base part for package epstopdf

(C:\Users\nessa\AppData\Local\Programs\MiKTeX\tex/generic/infwarerr\infwarerr.s
ty
Package: infwarerr 2019/12/03 v1.5 Providing info/warning/error messages (HO)
) (C:\Users\nessa\AppData\Local\Programs\MiKTeX\tex/latex/grfext\grfext.sty
Package: grfext 2019/12/03 v1.3 Manage graphics extensions (HO)

(C:\Users\nessa\AppData\Local\Programs\MiKTeX\tex/generic/kvdefinekeys\kvdefine
keys.sty
Package: kvdefinekeys 2019-12-19 v1.6 Define keys (HO)
))
(C:\Users\nessa\AppData\Local\Programs\MiKTeX\tex/latex/kvoptions\kvoptions.sty
Package: kvoptions 2020-10-07 v3.14 Key value format for package options (HO)
(C:\Users\nessa\AppData\Local\Programs\MiKTeX\tex/generic/ltxcmds\ltxcmds.sty
Package: ltxcmds 2020-05-10 v1.25 LaTeX kernel commands for general use (HO)
)
(C:\Users\nessa\AppData\Local\Programs\MiKTeX\tex/generic/kvsetkeys\kvsetkeys.s
ty
Package: kvsetkeys 2019/12/15 v1.18 Key value parser (HO)
))
(C:\Users\nessa\AppData\Local\Programs\MiKTeX\tex/generic/pdftexcmds\pdftexcmds
.sty
Package: pdftexcmds 2020-06-27 v0.33 Utility functions of pdfTeX for LuaTeX (HO
)
 (C:\Users\nessa\AppData\Local\Programs\MiKTeX\tex/generic/iftex\iftex.sty
Package: iftex 2020/03/06 v1.0d TeX engine tests
)
Package pdftexcmds Info: \pdf@primitive is available.
Package pdftexcmds Info: \pdf@ifprimitive is available.
Package pdftexcmds Info: \pdfdraftmode found.
)
Package epstopdf-base Info: Redefining graphics rule for `.eps' on input line 4
85.
Package grfext Info: Graphics extension search list:
(grfext)             [.pdf,.png,.jpg,.mps,.jpeg,.jbig2,.jb2,.PDF,.PNG,.JPG,.JPE
G,.JBIG2,.JB2,.eps]
(grfext)             \AppendGraphicsExtensions on input line 504.
)
(C:\Users\nessa\AppData\Local\Programs\MiKTeX\tex/latex/siunitx\siunitx-abbrevi
ations.cfg
File: siunitx-abbreviations.cfg 2017/11/26 v2.7k siunitx: Abbreviated units
)
(C:\Users\nessa\AppData\Local\Programs\MiKTeX\tex/latex/translator\translator-b
asic-dictionary-English.dict
Dictionary: translator-basic-dictionary, Language: English 
)
Underfull \vbox (badness 1264) has occurred while \output is active []


Underfull \vbox (badness 10000) has occurred while \output is active []

 [1{C:/Users/nessa/AppData/Local/MiKTeX/pdftex/config/pdftex.map}


]
<priceCloseBitcoin.png, id=8, 1128.01425pt x 387.849pt>
File: priceCloseBitcoin.png Graphic file (type png)
<use priceCloseBitcoin.png>
Package pdftex.def Info: priceCloseBitcoin.png  used on input line 62.
(pdftex.def)             Requested size: 452.0pt x 155.40907pt.
 [2] [3 <./priceCloseBitcoin.png>]
Underfull \hbox (badness 1221) in paragraph at lines 85--86
\OT1/cmr/m/n/12 do el con-jun-to de va-lo-res po-si-bles de
 []


Underfull \hbox (badness 2680) in paragraph at lines 85--86
\OML/cmm/m/it/12 X[]; X[]; :::; X[]$ \OT1/cmr/m/n/12 en $\OML/cmm/m/it/12 J$ \O
T1/cmr/m/n/12 re-gio-nes dis-jun-tas
 []


Overfull \hbox (16.3652pt too wide) detected at line 112
\OML/cmm/m/it/12 g[]\OT1/cmr/m/n/12 (\OML/cmm/m/it/12 x\OT1/cmr/m/n/12 ) = \OML
/cmm/m/it/12 f []
 []


Underfull \vbox (badness 10000) has occurred while \output is active []

 [4]
<redNeuronal.png, id=28, 392.96812pt x 153.57375pt>
File: redNeuronal.png Graphic file (type png)
<use redNeuronal.png>
Package pdftex.def Info: redNeuronal.png  used on input line 118.
(pdftex.def)             Requested size: 226.0pt x 88.32295pt.

Overfull \hbox (11.38115pt too wide) in paragraph at lines 118--120
 [][] 
 []


Underfull \hbox (badness 10000) in paragraph at lines 120--120
\OT1/cmr/m/n/12 (https://poncos.wordpress.com/2008/03/
 []


Underfull \hbox (badness 6236) in paragraph at lines 141--142
\OML/cmm/m/it/12 volLag\OT1/cmr/m/n/12 1$, $\OML/cmm/m/it/12 volLag\OT1/cmr/m/n
/12 2$, $\OML/cmm/m/it/12 volLag\OT1/cmr/m/n/12 3$, $\OML/cmm/m/it/12 volLag\OT
1/cmr/m/n/12 4$,
 []


Underfull \hbox (badness 4193) in paragraph at lines 141--142
\OML/cmm/m/it/12 volLag\OT1/cmr/m/n/12 5$ (cin-co pri-me-ros re-tra-sos del
 []

[5 <./redNeuronal.png>]
<diagramNeuralNetwork.png, id=33, 704.6325pt x 527.9725pt>
File: diagramNeuralNetwork.png Graphic file (type png)
<use diagramNeuralNetwork.png>
Package pdftex.def Info: diagramNeuralNetwork.png  used on input line 150.
(pdftex.def)             Requested size: 226.0pt x 169.33328pt.

Overfull \hbox (11.38115pt too wide) in paragraph at lines 150--151
 [][] 
 []


Underfull \hbox (badness 4316) in paragraph at lines 155--156
[]\OT1/cmr/m/n/12 En el ca-so de Bag-ging el mo-de-
 []


Underfull \hbox (badness 6741) in paragraph at lines 155--156
\OT1/cmr/m/n/12 lo que lo-gra un me-nor RM-SE de
 []

[6 <./diagramNeuralNetwork.png>]
<baggingVariableImportancia.png, id=38, 686.565pt x 592.46344pt>
File: baggingVariableImportancia.png Graphic file (type png)
<use baggingVariableImportancia.png>
Package pdftex.def Info: baggingVariableImportancia.png  used on input line 160
.
(pdftex.def)             Requested size: 316.39862pt x 273.02466pt.

Overfull \hbox (41.35945pt too wide) in paragraph at lines 207--208
 [][][][][][][] 
 []


Underfull \vbox (badness 10000) has occurred while \output is active []

 [7]
[8 <./baggingVariableImportancia.png>] [9

]
Underfull \hbox (badness 1721) in paragraph at lines 280--285
[]\OT1/cmr/m/n/12 Wheatley, S., Sor-net-te, D., Hu-ber, T., Rep-pen, M., Gant-n
er, RN. (2019).
 []


Underfull \hbox (badness 1253) in paragraph at lines 293--298
\OT1/cmr/m/n/12 Afri-can Uni-ver-sity, Ins-ti-tu-te for Ba-sic Scien-ces, Tech-
no-logy, and In-no-va-tion.
 []


Underfull \hbox (badness 4279) in paragraph at lines 305--309
[]\OT1/cmr/m/n/12 Kristoufek, L. (2015). \OT1/cmr/m/it/12 What Are the Main Dri
-vers of the Bit-coin Pri-
 []

[10

]
Underfull \hbox (badness 6445) in paragraph at lines 369--372
[]\OT1/cmr/m/n/12 Allaire, JJ., Tang, Y. (2020). \OT1/cmr/m/it/12 ten-sor-flow:
 R In-ter-fa-ce to 'Ten-sor-Flow'.
 []

[11] [12] (paper.aux
LaTeX Info: Redefining \. on input line 12.
LaTeX Info: Redefining \% on input line 12.
)

LaTeX Warning: There were multiply-defined labels.

 ) 
Here is how much of TeX's memory you used:
 6504 strings out of 479697
 128122 string characters out of 2867133
 422970 words of memory out of 3000000
 23520 multiletter control sequences out of 15000+200000
 413594 words of font info for 65 fonts, out of 3000000 for 9000
 1141 hyphenation exceptions out of 8191
 70i,16n,76p,1323b,503s stack positions out of 5000i,500n,10000p,200000b,50000s
<C:/Users/nessa/AppData/Local/Programs/MiKTeX/fonts/type1/public/amsfonts/cm/
cmbx12.pfb><C:/Users/nessa/AppData/Local/Programs/MiKTeX/fonts/type1/public/ams
fonts/cm/cmex10.pfb><C:/Users/nessa/AppData/Local/Programs/MiKTeX/fonts/type1/p
ublic/amsfonts/cm/cmmi12.pfb><C:/Users/nessa/AppData/Local/Programs/MiKTeX/font
s/type1/public/amsfonts/cm/cmmi6.pfb><C:/Users/nessa/AppData/Local/Programs/MiK
TeX/fonts/type1/public/amsfonts/cm/cmmi8.pfb><C:/Users/nessa/AppData/Local/Prog
rams/MiKTeX/fonts/type1/public/amsfonts/cm/cmr10.pfb><C:/Users/nessa/AppData/Lo
cal/Programs/MiKTeX/fonts/type1/public/amsfonts/cm/cmr12.pfb><C:/Users/nessa/Ap
pData/Local/Programs/MiKTeX/fonts/type1/public/amsfonts/cm/cmr7.pfb><C:/Users/n
essa/AppData/Local/Programs/MiKTeX/fonts/type1/public/amsfonts/cm/cmr8.pfb><C:/
Users/nessa/AppData/Local/Programs/MiKTeX/fonts/type1/public/amsfonts/cm/cmsy10
.pfb><C:/Users/nessa/AppData/Local/Programs/MiKTeX/fonts/type1/public/amsfonts/
cm/cmsy8.pfb><C:/Users/nessa/AppData/Local/Programs/MiKTeX/fonts/type1/public/a
msfonts/cm/cmti12.pfb>
Output written on paper.pdf (12 pages, 322859 bytes).
PDF statistics:
 98 PDF objects out of 1000 (max. 8388607)
 0 named destinations out of 1000 (max. 500000)
 21 words of extra memory for PDF output out of 10000 (max. 10000000)

